<?xml version="1.0" encoding="UTF-8"?>
<!-- Generated by org.testng.reporters.JUnitReportReporter -->
<testsuite hostname="Bilals-iMac.local" failures="0" tests="2" name="ProTrainingTech.AutomationTrainingProgram.NewTestclass" time="0.009" errors="0" timestamp="2022-04-28T21:27:31 EDT" skipped="0">
  <testcase classname="ProTrainingTech.AutomationTrainingProgram.NewTestclass" name="test2" time="0.002"/>
  <system-out/>
  <testcase classname="ProTrainingTech.AutomationTrainingProgram.NewTestclass" name="f" time="0.007"/>
  <system-out/>
</testsuite> <!-- ProTrainingTech.AutomationTrainingProgram.NewTestclass -->
